2025-03-13 17:07:05,843 - analytics_routes - INFO - Admin API key successfully verified via header
2025-03-13 17:07:05,847 - analytics_routes - INFO - Debug model usage endpoint accessed
2025-03-13 17:07:05,855 - analytics_routes - INFO - Admin API key successfully verified via header
2025-03-13 17:07:05,855 - analytics_routes - INFO - Debug model usage endpoint accessed
2025-03-13 17:07:05,932 - analytics_routes - INFO - Admin API key successfully verified via header
2025-03-13 17:07:05,935 - analytics_routes - INFO - Tier usage requested for period: 30d
2025-03-13 17:07:05,990 - analytics_routes - INFO - Retrieved tier usage data for 3 tiers
2025-03-13 17:07:06,002 - analytics_routes - INFO - Admin API key successfully verified via header
2025-03-13 17:07:06,002 - analytics_routes - INFO - Tier usage requested for period: 30d
2025-03-13 17:07:06,007 - analytics_routes - INFO - Retrieved tier usage data for 3 tiers
2025-03-13 17:07:06,019 - analytics_routes - INFO - Admin API key successfully verified via header
2025-03-13 17:07:06,019 - analytics_routes - INFO - Tier projections requested
2025-03-13 17:07:06,020 - analytics_routes - INFO - Tier usage requested for period: 30d
2025-03-13 17:07:06,024 - analytics_routes - INFO - Retrieved tier usage data for 3 tiers
2025-03-13 17:07:06,026 - analytics_routes - INFO - Tier projections calculated for 3 tiers
2025-03-13 17:07:06,037 - analytics_routes - INFO - Admin API key successfully verified via header
2025-03-13 17:07:06,039 - analytics_routes - INFO - Tier projections requested
2025-03-13 17:07:06,039 - analytics_routes - INFO - Tier usage requested for period: 30d
2025-03-13 17:07:06,047 - analytics_routes - INFO - Retrieved tier usage data for 3 tiers
2025-03-13 17:07:06,047 - analytics_routes - INFO - Tier projections calculated for 3 tiers
2025-03-13 17:07:06,093 - analytics_routes - INFO - Admin API key successfully verified via header
2025-03-13 17:07:06,093 - analytics_routes - INFO - Tier efficiency requested for period: 30d
2025-03-13 17:07:06,093 - analytics_routes - INFO - Tier usage requested for period: 30d
2025-03-13 17:07:06,099 - analytics_routes - INFO - Retrieved tier usage data for 3 tiers
2025-03-13 17:07:06,099 - analytics_routes - INFO - Tier efficiency calculated for 3 tiers
2025-03-13 17:07:06,112 - analytics_routes - INFO - Admin API key successfully verified via header
2025-03-13 17:07:06,117 - analytics_routes - INFO - Tier efficiency requested for period: 30d
2025-03-13 17:07:06,119 - analytics_routes - INFO - Tier usage requested for period: 30d
2025-03-13 17:07:06,146 - analytics_routes - INFO - Retrieved tier usage data for 3 tiers
2025-03-13 17:07:06,148 - analytics_routes - INFO - Tier efficiency calculated for 3 tiers
2025-03-13 17:07:30,300 - analytics_routes - INFO - Admin API key successfully verified via header
2025-03-13 17:07:30,308 - analytics_routes - INFO - User analytics requested with limit: 100, offset: 0
2025-03-13 17:07:30,342 - analytics_routes - INFO - Retrieved 1 users, total users: 1
2025-03-13 17:07:30,352 - analytics_routes - INFO - Admin API key successfully verified via header
2025-03-13 17:07:30,354 - analytics_routes - INFO - User analytics requested with limit: 100, offset: 0
2025-03-13 17:07:30,361 - analytics_routes - INFO - Retrieved 1 users, total users: 1
2025-03-13 17:07:30,373 - analytics_routes - INFO - Admin API key successfully verified via header
2025-03-13 17:07:30,373 - analytics_routes - INFO - User activity requested for period: 30d
2025-03-13 17:07:30,401 - analytics_routes - INFO - Retrieved user activity data for 31 days
2025-03-13 17:07:30,410 - analytics_routes - INFO - Admin API key successfully verified via header
2025-03-13 17:07:30,412 - analytics_routes - INFO - User activity requested for period: 30d
2025-03-13 17:07:30,423 - analytics_routes - INFO - Retrieved user activity data for 31 days
2025-03-13 17:07:30,440 - analytics_routes - INFO - Admin API key successfully verified via header
2025-03-13 17:07:30,442 - analytics_routes - INFO - Session statistics requested
2025-03-13 17:07:30,465 - analytics_routes - INFO - Session stats retrieved: 1 total users, 1 active today
2025-03-13 17:07:30,476 - analytics_routes - INFO - Admin API key successfully verified via header
2025-03-13 17:07:30,478 - analytics_routes - INFO - Session statistics requested
2025-03-13 17:07:30,490 - analytics_routes - INFO - Session stats retrieved: 1 total users, 1 active today
2025-03-13 17:07:30,814 - analytics_routes - INFO - New user realtime connection: 1582131231632
2025-03-13 17:07:30,971 - analytics_routes - INFO - New user realtime connection: 1582172952992
2025-03-13 17:07:37,197 - analytics_routes - INFO - Admin API key successfully verified via header
2025-03-13 17:07:37,197 - analytics_routes - INFO - Debug model usage endpoint accessed
2025-03-13 17:07:37,203 - analytics_routes - INFO - Admin API key successfully verified via header
2025-03-13 17:07:37,203 - analytics_routes - INFO - Debug model usage endpoint accessed
2025-03-13 17:07:37,262 - analytics_routes - INFO - Admin API key successfully verified via header
2025-03-13 17:07:37,263 - analytics_routes - INFO - Tier usage requested for period: 30d
2025-03-13 17:07:37,273 - analytics_routes - INFO - Retrieved tier usage data for 3 tiers
2025-03-13 17:07:37,283 - analytics_routes - INFO - Admin API key successfully verified via header
2025-03-13 17:07:37,286 - analytics_routes - INFO - Tier usage requested for period: 30d
2025-03-13 17:07:37,290 - analytics_routes - INFO - Retrieved tier usage data for 3 tiers
2025-03-13 17:07:37,307 - analytics_routes - INFO - Admin API key successfully verified via header
2025-03-13 17:07:37,308 - analytics_routes - INFO - Tier projections requested
2025-03-13 17:07:37,308 - analytics_routes - INFO - Tier usage requested for period: 30d
2025-03-13 17:07:37,312 - analytics_routes - INFO - Retrieved tier usage data for 3 tiers
2025-03-13 17:07:37,314 - analytics_routes - INFO - Tier projections calculated for 3 tiers
2025-03-13 17:07:37,330 - analytics_routes - INFO - Admin API key successfully verified via header
2025-03-13 17:07:37,330 - analytics_routes - INFO - Tier projections requested
2025-03-13 17:07:37,330 - analytics_routes - INFO - Tier usage requested for period: 30d
2025-03-13 17:07:37,337 - analytics_routes - INFO - Retrieved tier usage data for 3 tiers
2025-03-13 17:07:37,338 - analytics_routes - INFO - Tier projections calculated for 3 tiers
2025-03-13 17:07:37,348 - analytics_routes - INFO - Admin API key successfully verified via header
2025-03-13 17:07:37,348 - analytics_routes - INFO - Tier efficiency requested for period: 30d
2025-03-13 17:07:37,348 - analytics_routes - INFO - Tier usage requested for period: 30d
2025-03-13 17:07:37,352 - analytics_routes - INFO - Retrieved tier usage data for 3 tiers
2025-03-13 17:07:37,356 - analytics_routes - INFO - Tier efficiency calculated for 3 tiers
2025-03-13 17:07:37,362 - analytics_routes - INFO - Admin API key successfully verified via header
2025-03-13 17:07:37,365 - analytics_routes - INFO - Tier efficiency requested for period: 30d
2025-03-13 17:07:37,365 - analytics_routes - INFO - Tier usage requested for period: 30d
2025-03-13 17:07:37,370 - analytics_routes - INFO - Retrieved tier usage data for 3 tiers
2025-03-13 17:07:37,372 - analytics_routes - INFO - Tier efficiency calculated for 3 tiers
2025-03-13 17:07:43,514 - analytics_routes - INFO - Admin API key successfully verified via header
2025-03-13 17:07:43,516 - analytics_routes - INFO - Model usage requested for period: 30d
2025-03-13 17:07:43,523 - analytics_routes - INFO - Retrieved model usage for 3 models
2025-03-13 17:07:43,537 - analytics_routes - INFO - Admin API key successfully verified via header
2025-03-13 17:07:43,539 - analytics_routes - INFO - Model usage requested for period: 30d
2025-03-13 17:07:43,549 - analytics_routes - INFO - Retrieved model usage for 3 models
2025-03-13 17:07:43,571 - analytics_routes - INFO - Admin API key successfully verified via header
2025-03-13 17:07:43,573 - analytics_routes - INFO - Model history requested for period: 30d
2025-03-13 17:07:43,584 - analytics_routes - INFO - Retrieved model history for 31 days covering 3 models
2025-03-13 17:07:43,598 - analytics_routes - INFO - Admin API key successfully verified via header
2025-03-13 17:07:43,600 - analytics_routes - INFO - Model history requested for period: 30d
2025-03-13 17:07:43,605 - analytics_routes - INFO - Retrieved model history for 31 days covering 3 models
2025-03-13 17:07:43,624 - analytics_routes - INFO - Admin API key successfully verified via header
2025-03-13 17:07:43,624 - analytics_routes - INFO - Model metrics requested
2025-03-13 17:07:43,643 - analytics_routes - INFO - Retrieved metrics for 3 models
2025-03-13 17:07:43,652 - analytics_routes - INFO - Admin API key successfully verified via header
2025-03-13 17:07:43,655 - analytics_routes - INFO - Model metrics requested
2025-03-13 17:07:43,662 - analytics_routes - INFO - Retrieved metrics for 3 models
2025-03-13 17:07:59,244 - analytics_routes - INFO - Admin API key successfully verified via header
2025-03-13 17:07:59,244 - analytics_routes - INFO - Debug model usage endpoint accessed
2025-03-13 17:07:59,250 - analytics_routes - INFO - Admin API key successfully verified via header
2025-03-13 17:07:59,253 - analytics_routes - INFO - Debug model usage endpoint accessed
2025-03-13 17:07:59,275 - analytics_routes - INFO - Admin API key successfully verified via header
2025-03-13 17:07:59,278 - analytics_routes - INFO - Usage summary requested (legacy endpoint)
2025-03-13 17:07:59,278 - analytics_routes - INFO - Dashboard data requested for period: 30d
2025-03-13 17:07:59,320 - analytics_routes - INFO - Dashboard data retrieved: 1 days, 3 models, 1 top users
2025-03-13 17:07:59,345 - analytics_routes - INFO - Admin API key successfully verified via header
2025-03-13 17:07:59,347 - analytics_routes - INFO - Usage summary requested (legacy endpoint)
2025-03-13 17:07:59,347 - analytics_routes - INFO - Dashboard data requested for period: 30d
2025-03-13 17:07:59,375 - analytics_routes - INFO - Dashboard data retrieved: 1 days, 3 models, 1 top users
2025-03-13 17:07:59,434 - analytics_routes - INFO - Admin API key successfully verified via header
2025-03-13 17:07:59,436 - analytics_routes - INFO - Model usage requested for period: 30d
2025-03-13 17:07:59,439 - analytics_routes - INFO - Retrieved model usage for 3 models
2025-03-13 17:07:59,453 - analytics_routes - INFO - Admin API key successfully verified via header
2025-03-13 17:07:59,455 - analytics_routes - INFO - Model usage requested for period: 30d
2025-03-13 17:07:59,467 - analytics_routes - INFO - Retrieved model usage for 3 models
2025-03-13 17:07:59,534 - analytics_routes - INFO - Admin API key successfully verified via header
2025-03-13 17:07:59,541 - analytics_routes - INFO - Tier usage requested for period: 30d
2025-03-13 17:07:59,550 - analytics_routes - INFO - Retrieved tier usage data for 3 tiers
2025-03-13 17:07:59,569 - analytics_routes - INFO - Admin API key successfully verified via header
2025-03-13 17:07:59,571 - analytics_routes - INFO - Tier usage requested for period: 30d
2025-03-13 17:07:59,584 - analytics_routes - INFO - Retrieved tier usage data for 3 tiers
2025-03-13 17:07:59,618 - analytics_routes - INFO - Admin API key successfully verified via header
2025-03-13 17:07:59,631 - analytics_routes - INFO - Tier projections requested
2025-03-13 17:07:59,641 - analytics_routes - INFO - Tier usage requested for period: 30d
2025-03-13 17:07:59,677 - analytics_routes - INFO - Retrieved tier usage data for 3 tiers
2025-03-13 17:07:59,691 - analytics_routes - INFO - Tier projections calculated for 3 tiers
2025-03-13 17:07:59,706 - analytics_routes - INFO - Admin API key successfully verified via header
2025-03-13 17:07:59,706 - analytics_routes - INFO - Tier projections requested
2025-03-13 17:07:59,706 - analytics_routes - INFO - Tier usage requested for period: 30d
2025-03-13 17:07:59,722 - analytics_routes - INFO - Retrieved tier usage data for 3 tiers
2025-03-13 17:07:59,735 - analytics_routes - INFO - Tier projections calculated for 3 tiers
2025-03-13 17:07:59,790 - analytics_routes - INFO - Admin API key successfully verified via header
2025-03-13 17:07:59,802 - analytics_routes - INFO - Tier efficiency requested for period: 30d
2025-03-13 17:07:59,823 - analytics_routes - INFO - Tier usage requested for period: 30d
2025-03-13 17:07:59,841 - analytics_routes - INFO - Retrieved tier usage data for 3 tiers
2025-03-13 17:07:59,852 - analytics_routes - INFO - Tier efficiency calculated for 3 tiers
2025-03-13 17:07:59,874 - analytics_routes - INFO - Admin API key successfully verified via header
2025-03-13 17:07:59,876 - analytics_routes - INFO - Tier efficiency requested for period: 30d
2025-03-13 17:07:59,878 - analytics_routes - INFO - Tier usage requested for period: 30d
2025-03-13 17:07:59,886 - analytics_routes - INFO - Retrieved tier usage data for 3 tiers
2025-03-13 17:07:59,888 - analytics_routes - INFO - Tier efficiency calculated for 3 tiers
2025-03-13 17:08:35,655 - analytics_routes - INFO - Admin API key successfully verified via header
2025-03-13 17:08:35,657 - analytics_routes - INFO - Model usage requested for period: 30d
2025-03-13 17:08:35,661 - analytics_routes - INFO - Retrieved model usage for 3 models
2025-03-13 17:08:35,672 - analytics_routes - INFO - Admin API key successfully verified via header
2025-03-13 17:08:35,674 - analytics_routes - INFO - Model usage requested for period: 30d
2025-03-13 17:08:35,678 - analytics_routes - INFO - Retrieved model usage for 3 models
2025-03-13 17:08:35,686 - analytics_routes - INFO - Admin API key successfully verified via header
2025-03-13 17:08:35,688 - analytics_routes - INFO - Model history requested for period: 30d
2025-03-13 17:08:35,694 - analytics_routes - INFO - Retrieved model history for 31 days covering 3 models
2025-03-13 17:08:35,711 - analytics_routes - INFO - Admin API key successfully verified via header
2025-03-13 17:08:35,713 - analytics_routes - INFO - Model history requested for period: 30d
2025-03-13 17:08:35,716 - analytics_routes - INFO - Retrieved model history for 31 days covering 3 models
2025-03-13 17:08:35,728 - analytics_routes - INFO - Admin API key successfully verified via header
2025-03-13 17:08:35,728 - analytics_routes - INFO - Model metrics requested
2025-03-13 17:08:35,733 - analytics_routes - INFO - Retrieved metrics for 3 models
2025-03-13 17:08:35,756 - analytics_routes - INFO - Admin API key successfully verified via header
2025-03-13 17:08:35,758 - analytics_routes - INFO - Model metrics requested
2025-03-13 17:08:35,762 - analytics_routes - INFO - Retrieved metrics for 3 models
2025-03-13 17:08:36,936 - analytics_routes - INFO - Admin API key successfully verified via header
2025-03-13 17:08:36,936 - analytics_routes - INFO - Debug model usage endpoint accessed
2025-03-13 17:08:36,942 - analytics_routes - INFO - Admin API key successfully verified via header
2025-03-13 17:08:36,944 - analytics_routes - INFO - Debug model usage endpoint accessed
2025-03-13 17:08:36,952 - analytics_routes - INFO - Admin API key successfully verified via header
2025-03-13 17:08:36,952 - analytics_routes - INFO - Usage summary requested (legacy endpoint)
2025-03-13 17:08:36,952 - analytics_routes - INFO - Dashboard data requested for period: 30d
2025-03-13 17:08:36,966 - analytics_routes - INFO - Dashboard data retrieved: 1 days, 3 models, 1 top users
2025-03-13 17:08:36,979 - analytics_routes - INFO - Admin API key successfully verified via header
2025-03-13 17:08:36,979 - analytics_routes - INFO - Usage summary requested (legacy endpoint)
2025-03-13 17:08:36,979 - analytics_routes - INFO - Dashboard data requested for period: 30d
2025-03-13 17:08:36,996 - analytics_routes - INFO - Dashboard data retrieved: 1 days, 3 models, 1 top users
2025-03-13 17:08:37,020 - analytics_routes - INFO - Admin API key successfully verified via header
2025-03-13 17:08:37,022 - analytics_routes - INFO - Model usage requested for period: 30d
2025-03-13 17:08:37,024 - analytics_routes - INFO - Retrieved model usage for 3 models
2025-03-13 17:08:37,034 - analytics_routes - INFO - Admin API key successfully verified via header
2025-03-13 17:08:37,035 - analytics_routes - INFO - Model usage requested for period: 30d
2025-03-13 17:08:37,039 - analytics_routes - INFO - Retrieved model usage for 3 models
2025-03-13 17:08:37,071 - analytics_routes - INFO - Admin API key successfully verified via header
2025-03-13 17:08:37,073 - analytics_routes - INFO - Tier usage requested for period: 30d
2025-03-13 17:08:37,077 - analytics_routes - INFO - Retrieved tier usage data for 3 tiers
2025-03-13 17:08:37,087 - analytics_routes - INFO - Admin API key successfully verified via header
2025-03-13 17:08:37,089 - analytics_routes - INFO - Tier usage requested for period: 30d
2025-03-13 17:08:37,091 - analytics_routes - INFO - Retrieved tier usage data for 3 tiers
2025-03-13 17:08:37,156 - analytics_routes - INFO - Admin API key successfully verified via header
2025-03-13 17:08:37,158 - analytics_routes - INFO - Tier projections requested
2025-03-13 17:08:37,158 - analytics_routes - INFO - Tier usage requested for period: 30d
2025-03-13 17:08:37,161 - analytics_routes - INFO - Retrieved tier usage data for 3 tiers
2025-03-13 17:08:37,161 - analytics_routes - INFO - Tier projections calculated for 3 tiers
2025-03-13 17:08:37,177 - analytics_routes - INFO - Admin API key successfully verified via header
2025-03-13 17:08:37,179 - analytics_routes - INFO - Tier projections requested
2025-03-13 17:08:37,180 - analytics_routes - INFO - Tier usage requested for period: 30d
2025-03-13 17:08:37,188 - analytics_routes - INFO - Retrieved tier usage data for 3 tiers
2025-03-13 17:08:37,188 - analytics_routes - INFO - Tier projections calculated for 3 tiers
2025-03-13 17:08:37,225 - analytics_routes - INFO - Admin API key successfully verified via header
2025-03-13 17:08:37,225 - analytics_routes - INFO - Tier efficiency requested for period: 30d
2025-03-13 17:08:37,225 - analytics_routes - INFO - Tier usage requested for period: 30d
2025-03-13 17:08:37,229 - analytics_routes - INFO - Retrieved tier usage data for 3 tiers
2025-03-13 17:08:37,229 - analytics_routes - INFO - Tier efficiency calculated for 3 tiers
2025-03-13 17:08:37,238 - analytics_routes - INFO - Admin API key successfully verified via header
2025-03-13 17:08:37,240 - analytics_routes - INFO - Tier efficiency requested for period: 30d
2025-03-13 17:08:37,240 - analytics_routes - INFO - Tier usage requested for period: 30d
2025-03-13 17:08:37,244 - analytics_routes - INFO - Retrieved tier usage data for 3 tiers
2025-03-13 17:08:37,244 - analytics_routes - INFO - Tier efficiency calculated for 3 tiers
2025-03-13 17:08:46,040 - analytics_routes - INFO - Admin API key successfully verified via header
2025-03-13 17:08:46,040 - analytics_routes - INFO - Cost summary requested for period: 30d
2025-03-13 17:08:46,050 - analytics_routes - INFO - Cost summary retrieved: $0.07 over 30 days
2025-03-13 17:08:46,058 - analytics_routes - INFO - Admin API key successfully verified via header
2025-03-13 17:08:46,058 - analytics_routes - INFO - Cost summary requested for period: 30d
2025-03-13 17:08:46,062 - analytics_routes - INFO - Cost summary retrieved: $0.07 over 30 days
2025-03-13 17:08:46,080 - analytics_routes - INFO - Admin API key successfully verified via header
2025-03-13 17:08:46,082 - analytics_routes - INFO - Daily costs requested for period: 30d
2025-03-13 17:08:46,093 - analytics_routes - INFO - Retrieved daily costs for 31 days
2025-03-13 17:08:46,101 - analytics_routes - INFO - Admin API key successfully verified via header
2025-03-13 17:08:46,103 - analytics_routes - INFO - Daily costs requested for period: 30d
2025-03-13 17:08:46,107 - analytics_routes - INFO - Retrieved daily costs for 31 days
2025-03-13 17:08:46,121 - analytics_routes - INFO - Admin API key successfully verified via header
2025-03-13 17:08:46,123 - analytics_routes - INFO - Model costs requested for period: 30d
2025-03-13 17:08:46,129 - analytics_routes - INFO - Retrieved cost data for 3 models
2025-03-13 17:08:46,135 - analytics_routes - INFO - Admin API key successfully verified via header
2025-03-13 17:08:46,136 - analytics_routes - INFO - Model costs requested for period: 30d
2025-03-13 17:08:46,139 - analytics_routes - INFO - Retrieved cost data for 3 models
2025-03-13 17:08:46,149 - analytics_routes - INFO - Admin API key successfully verified via header
2025-03-13 17:08:46,151 - analytics_routes - INFO - Cost projections requested
2025-03-13 17:08:46,169 - analytics_routes - INFO - Cost projections calculated: $2.01/month, $24.48/year
2025-03-13 17:08:46,175 - analytics_routes - INFO - Admin API key successfully verified via header
2025-03-13 17:08:46,177 - analytics_routes - INFO - Cost projections requested
2025-03-13 17:08:46,181 - analytics_routes - INFO - Cost projections calculated: $2.01/month, $24.48/year
2025-03-13 17:08:55,365 - analytics_routes - INFO - Admin API key successfully verified via header
2025-03-13 17:08:55,365 - analytics_routes - INFO - Debug model usage endpoint accessed
2025-03-13 17:08:55,373 - analytics_routes - INFO - Admin API key successfully verified via header
2025-03-13 17:08:55,375 - analytics_routes - INFO - Debug model usage endpoint accessed
2025-03-13 17:08:55,394 - analytics_routes - INFO - Admin API key successfully verified via header
2025-03-13 17:08:55,396 - analytics_routes - INFO - Usage summary requested (legacy endpoint)
2025-03-13 17:08:55,396 - analytics_routes - INFO - Dashboard data requested for period: 30d
2025-03-13 17:08:55,396 - analytics_routes - INFO - Dashboard data retrieved: 1 days, 3 models, 1 top users
2025-03-13 17:08:55,405 - analytics_routes - INFO - Admin API key successfully verified via header
2025-03-13 17:08:55,405 - analytics_routes - INFO - Usage summary requested (legacy endpoint)
2025-03-13 17:08:55,409 - analytics_routes - INFO - Dashboard data requested for period: 30d
2025-03-13 17:08:55,420 - analytics_routes - INFO - Dashboard data retrieved: 1 days, 3 models, 1 top users
2025-03-13 17:08:55,433 - analytics_routes - INFO - Admin API key successfully verified via header
2025-03-13 17:08:55,433 - analytics_routes - INFO - Model usage requested for period: 30d
2025-03-13 17:08:55,435 - analytics_routes - INFO - Retrieved model usage for 3 models
2025-03-13 17:08:55,440 - analytics_routes - INFO - Admin API key successfully verified via header
2025-03-13 17:08:55,442 - analytics_routes - INFO - Model usage requested for period: 30d
2025-03-13 17:08:55,446 - analytics_routes - INFO - Retrieved model usage for 3 models
2025-03-13 17:08:55,483 - analytics_routes - INFO - Admin API key successfully verified via header
2025-03-13 17:08:55,484 - analytics_routes - INFO - Tier usage requested for period: 30d
2025-03-13 17:08:55,490 - analytics_routes - INFO - Retrieved tier usage data for 3 tiers
2025-03-13 17:08:55,503 - analytics_routes - INFO - Admin API key successfully verified via header
2025-03-13 17:08:55,503 - analytics_routes - INFO - Tier usage requested for period: 30d
2025-03-13 17:08:55,507 - analytics_routes - INFO - Retrieved tier usage data for 3 tiers
2025-03-13 17:08:55,540 - analytics_routes - INFO - Admin API key successfully verified via header
2025-03-13 17:08:55,540 - analytics_routes - INFO - Tier projections requested
2025-03-13 17:08:55,543 - analytics_routes - INFO - Tier usage requested for period: 30d
2025-03-13 17:08:55,547 - analytics_routes - INFO - Retrieved tier usage data for 3 tiers
2025-03-13 17:08:55,549 - analytics_routes - INFO - Tier projections calculated for 3 tiers
2025-03-13 17:08:55,558 - analytics_routes - INFO - Admin API key successfully verified via header
2025-03-13 17:08:55,560 - analytics_routes - INFO - Tier projections requested
2025-03-13 17:08:55,560 - analytics_routes - INFO - Tier usage requested for period: 30d
2025-03-13 17:08:55,568 - analytics_routes - INFO - Retrieved tier usage data for 3 tiers
2025-03-13 17:08:55,568 - analytics_routes - INFO - Tier projections calculated for 3 tiers
2025-03-13 17:08:55,591 - analytics_routes - INFO - Admin API key successfully verified via header
2025-03-13 17:08:55,591 - analytics_routes - INFO - Tier efficiency requested for period: 30d
2025-03-13 17:08:55,593 - analytics_routes - INFO - Tier usage requested for period: 30d
2025-03-13 17:08:55,604 - analytics_routes - INFO - Retrieved tier usage data for 3 tiers
2025-03-13 17:08:55,604 - analytics_routes - INFO - Tier efficiency calculated for 3 tiers
2025-03-13 17:08:55,612 - analytics_routes - INFO - Admin API key successfully verified via header
2025-03-13 17:08:55,612 - analytics_routes - INFO - Tier efficiency requested for period: 30d
2025-03-13 17:08:55,614 - analytics_routes - INFO - Tier usage requested for period: 30d
2025-03-13 17:08:55,620 - analytics_routes - INFO - Retrieved tier usage data for 3 tiers
2025-03-13 17:08:55,620 - analytics_routes - INFO - Tier efficiency calculated for 3 tiers
2025-03-13 17:09:05,809 - analytics_routes - INFO - Admin API key successfully verified via header
2025-03-13 17:09:05,812 - analytics_routes - INFO - Cost summary requested for period: 30d
2025-03-13 17:09:05,812 - analytics_routes - INFO - Cost summary retrieved: $0.07 over 30 days
2025-03-13 17:09:05,812 - analytics_routes - INFO - Admin API key successfully verified via header
2025-03-13 17:09:05,812 - analytics_routes - INFO - Cost summary requested for period: 30d
2025-03-13 17:09:05,823 - analytics_routes - INFO - Cost summary retrieved: $0.07 over 30 days
2025-03-13 17:09:05,829 - analytics_routes - INFO - Admin API key successfully verified via header
2025-03-13 17:09:05,829 - analytics_routes - INFO - Daily costs requested for period: 30d
2025-03-13 17:09:05,834 - analytics_routes - INFO - Retrieved daily costs for 31 days
2025-03-13 17:09:05,842 - analytics_routes - INFO - Admin API key successfully verified via header
2025-03-13 17:09:05,842 - analytics_routes - INFO - Daily costs requested for period: 30d
2025-03-13 17:09:05,846 - analytics_routes - INFO - Retrieved daily costs for 31 days
2025-03-13 17:09:05,853 - analytics_routes - INFO - Admin API key successfully verified via header
2025-03-13 17:09:05,853 - analytics_routes - INFO - Model costs requested for period: 30d
2025-03-13 17:09:05,854 - analytics_routes - INFO - Retrieved cost data for 3 models
2025-03-13 17:09:05,861 - analytics_routes - INFO - Admin API key successfully verified via header
2025-03-13 17:09:05,861 - analytics_routes - INFO - Model costs requested for period: 30d
2025-03-13 17:09:05,865 - analytics_routes - INFO - Retrieved cost data for 3 models
2025-03-13 17:09:05,871 - analytics_routes - INFO - Admin API key successfully verified via header
2025-03-13 17:09:05,871 - analytics_routes - INFO - Cost projections requested
2025-03-13 17:09:05,876 - analytics_routes - INFO - Cost projections calculated: $2.01/month, $24.48/year
2025-03-13 17:09:05,881 - analytics_routes - INFO - Admin API key successfully verified via header
2025-03-13 17:09:05,881 - analytics_routes - INFO - Cost projections requested
2025-03-13 17:09:05,888 - analytics_routes - INFO - Cost projections calculated: $2.01/month, $24.48/year
2025-03-13 17:09:09,397 - analytics_routes - INFO - Admin API key successfully verified via header
2025-03-13 17:09:09,399 - analytics_routes - INFO - Cost summary requested for period: 7d
2025-03-13 17:09:09,404 - analytics_routes - INFO - Cost summary retrieved: $0.07 over 7 days
2025-03-13 17:09:09,424 - analytics_routes - INFO - Admin API key successfully verified via header
2025-03-13 17:09:09,424 - analytics_routes - INFO - Daily costs requested for period: 7d
2025-03-13 17:09:09,429 - analytics_routes - INFO - Retrieved daily costs for 8 days
2025-03-13 17:09:09,445 - analytics_routes - INFO - Admin API key successfully verified via header
2025-03-13 17:09:09,445 - analytics_routes - INFO - Model costs requested for period: 7d
2025-03-13 17:09:09,452 - analytics_routes - INFO - Retrieved cost data for 3 models
2025-03-13 17:09:09,460 - analytics_routes - INFO - Admin API key successfully verified via header
2025-03-13 17:09:09,460 - analytics_routes - INFO - Cost projections requested
2025-03-13 17:09:09,469 - analytics_routes - INFO - Cost projections calculated: $2.01/month, $24.48/year
2025-03-13 17:09:23,597 - analytics_routes - INFO - Admin API key successfully verified via header
2025-03-13 17:09:23,597 - analytics_routes - INFO - User analytics requested with limit: 100, offset: 0
2025-03-13 17:09:23,605 - analytics_routes - INFO - Retrieved 1 users, total users: 1
2025-03-13 17:09:23,617 - analytics_routes - INFO - Admin API key successfully verified via header
2025-03-13 17:09:23,617 - analytics_routes - INFO - User analytics requested with limit: 100, offset: 0
2025-03-13 17:09:23,620 - analytics_routes - INFO - Retrieved 1 users, total users: 1
2025-03-13 17:09:23,633 - analytics_routes - INFO - Admin API key successfully verified via header
2025-03-13 17:09:23,633 - analytics_routes - INFO - User activity requested for period: 30d
2025-03-13 17:09:23,644 - analytics_routes - INFO - Retrieved user activity data for 31 days
2025-03-13 17:09:23,659 - analytics_routes - INFO - Admin API key successfully verified via header
2025-03-13 17:09:23,659 - analytics_routes - INFO - User activity requested for period: 30d
2025-03-13 17:09:23,668 - analytics_routes - INFO - Retrieved user activity data for 31 days
2025-03-13 17:09:23,675 - analytics_routes - INFO - Admin API key successfully verified via header
2025-03-13 17:09:23,677 - analytics_routes - INFO - Session statistics requested
2025-03-13 17:09:23,685 - analytics_routes - INFO - Session stats retrieved: 1 total users, 1 active today
2025-03-13 17:09:23,691 - analytics_routes - INFO - Admin API key successfully verified via header
2025-03-13 17:09:23,691 - analytics_routes - INFO - Session statistics requested
2025-03-13 17:09:23,701 - analytics_routes - INFO - Session stats retrieved: 1 total users, 1 active today
2025-03-13 17:09:24,003 - analytics_routes - INFO - New user realtime connection: 1582121411808
2025-03-13 17:09:24,104 - analytics_routes - INFO - New user realtime connection: 1582121404800
2025-03-13 17:09:51,947 - analytics_routes - INFO - Admin API key successfully verified via header
2025-03-13 17:09:51,949 - analytics_routes - INFO - User analytics requested with limit: 100, offset: 0
2025-03-13 17:09:51,953 - analytics_routes - INFO - Retrieved 1 users, total users: 1
2025-03-13 17:09:51,965 - analytics_routes - INFO - Admin API key successfully verified via header
2025-03-13 17:09:51,965 - analytics_routes - INFO - User activity requested for period: 30d
2025-03-13 17:09:51,972 - analytics_routes - INFO - Retrieved user activity data for 31 days
2025-03-13 17:09:51,981 - analytics_routes - INFO - Admin API key successfully verified via header
2025-03-13 17:09:51,981 - analytics_routes - INFO - Session statistics requested
2025-03-13 17:09:51,988 - analytics_routes - INFO - Session stats retrieved: 1 total users, 1 active today
2025-03-13 17:09:52,318 - analytics_routes - INFO - New user realtime connection: 1582218256240
